<?xml version="1.0" encoding="UTF-8"?>
<!-- Generated by org.testng.reporters.JUnitReportReporter -->
<testsuite hostname="LAPTOP-7NNQODDS" failures="0" tests="2" name="komalgupta1.TestMaven.RestAPITest" time="0.019" errors="0" timestamp="2022-04-23T20:01:20 IST" skipped="0">
  <testcase classname="komalgupta1.TestMaven.RestAPITest" name="deleteTwitter" time="0.017"/>
  <system-out/>
  <testcase classname="komalgupta1.TestMaven.RestAPITest" name="postJira" time="0.002"/>
  <system-out/>
</testsuite> <!-- komalgupta1.TestMaven.RestAPITest -->
