<?xml version="1.0" encoding="UTF-8"?>
<!-- Generated by org.testng.reporters.JUnitReportReporter -->
<testsuite hostname="LAPTOP-7NNQODDS" failures="0" tests="2" name="komalgupta1.TestMaven.SeleniumTest" time="0.005" errors="0" timestamp="2022-04-23T16:39:13 IST" skipped="0">
  <testcase classname="komalgupta1.TestMaven.SeleniumTest" name="elementUI" time="0.002"/>
  <system-out/>
  <testcase classname="komalgupta1.TestMaven.SeleniumTest" name="BrowserAutomation" time="0.003"/>
  <system-out/>
</testsuite> <!-- komalgupta1.TestMaven.SeleniumTest -->
