<?xml version="1.0" encoding="UTF-8"?>
<!-- Generated by org.testng.reporters.JUnitReportReporter -->
<testsuite hostname="LAPTOP-7NNQODDS" failures="0" tests="2" name="komalgupta1.TestMaven.RestAPITest" time="0.008" errors="0" timestamp="2022-06-19T18:26:34 IST" skipped="0">
  <testcase classname="komalgupta1.TestMaven.RestAPITest" name="postJira" time="0.001"/>
  <system-out/>
  <testcase classname="komalgupta1.TestMaven.RestAPITest" name="deleteTwitter" time="0.007"/>
  <system-out/>
</testsuite> <!-- komalgupta1.TestMaven.RestAPITest -->
